<?xml version="1.0" encoding="UTF-8"?>
<!-- Generated by org.testng.reporters.JUnitReportReporter -->
<testsuite skipped="0" hostname="rbs-HP-ProBook-450-G1" name="example.NewTestXvfb" tests="1" failures="0" timestamp="14 Nov 2016 08:37:17 GMT" time="43.197" errors="0">
  <testcase name="beechree" time="43.197" classname="example.NewTestXvfb"/>
</testsuite> <!-- example.NewTestXvfb -->
